<?xml version="1.0" encoding="UTF-8"?>
<testsuites name="jest tests" tests="2" failures="0" time="4.546">
  <testsuite name="undefined" errors="0" failures="0" skipped="0" timestamp="2023-02-03T08:59:25" time="3.742" tests="2">
    <testcase classname=" App renders correctly" name=" App renders correctly" time="0.037">
    </testcase>
    <testcase classname=" Switching between slides works as expected" name=" Switching between slides works as expected" time="0.057">
    </testcase>
  </testsuite>
</testsuites>